# JRE version: Java(TM) SE Runtime Environment (7.0_79-b15) (build 1.7.0_79-b15)
# Java VM: Java HotSpot(TM) 64-Bit Server VM (24.79-b02 mixed mode windows-amd64 compressed oops)
Heap
 PSYoungGen      total 248320K, used 1850K [0x00000000eaa80000, 0x00000000f9e00000, 0x0000000100000000)
  eden space 247808K, 0% used [0x00000000eaa80000,0x00000000eac4ea88,0x00000000f9c80000)
  from space 512K, 0% used [0x00000000f9d80000,0x00000000f9d80000,0x00000000f9e00000)
  to   space 512K, 0% used [0x00000000f9d00000,0x00000000f9d00000,0x00000000f9d80000)
 ParOldGen       total 349696K, used 55722K [0x00000000c0000000, 0x00000000d5580000, 0x00000000eaa80000)
  object space 349696K, 15% used [0x00000000c0000000,0x00000000c366a940,0x00000000d5580000)
 PSPermGen       total 81408K, used 81276K [0x00000000b0000000, 0x00000000b4f80000, 0x00000000c0000000)
  object space 81408K, 99% used [0x00000000b0000000,0x00000000b4f5f178,0x00000000b4f80000)
GC Heap History (10 events):
Event: 9844.785 GC heap before
{Heap before GC invocations=329 (full 161):
 PSYoungGen      total 248320K, used 64K [0x00000000eaa80000, 0x00000000f9e00000, 0x0000000100000000)
  eden space 247808K, 0% used [0x00000000eaa80000,0x00000000eaa80000,0x00000000f9c80000)
  from space 512K, 12% used [0x00000000f9d80000,0x00000000f9d90000,0x00000000f9e00000)
  to   space 512K, 0% used [0x00000000f9d00000,0x00000000f9d00000,0x00000000f9d80000)
 ParOldGen       total 349696K, used 55722K [0x00000000c0000000, 0x00000000d5580000, 0x00000000eaa80000)
  object space 349696K, 15% used [0x00000000c0000000,0x00000000c366a938,0x00000000d5580000)
 PSPermGen       total 81408K, used 81275K [0x00000000b0000000, 0x00000000b4f80000, 0x00000000c0000000)
  object space 81408K, 99% used [0x00000000b0000000,0x00000000b4f5efe0,0x00000000b4f80000)
Event: 9845.127 GC heap after
Heap after GC invocations=329 (full 161):
 PSYoungGen      total 248320K, used 0K [0x00000000eaa80000, 0x00000000f9e00000, 0x0000000100000000)
  eden space 247808K, 0% used [0x00000000eaa80000,0x00000000eaa80000,0x00000000f9c80000)
  from space 512K, 0% used [0x00000000f9d80000,0x00000000f9d80000,0x00000000f9e00000)
  to   space 512K, 0% used [0x00000000f9d00000,0x00000000f9d00000,0x00000000f9d80000)
 ParOldGen       total 349696K, used 55722K [0x00000000c0000000, 0x00000000d5580000, 0x00000000eaa80000)
  object space 349696K, 15% used [0x00000000c0000000,0x00000000c366a938,0x00000000d5580000)
 PSPermGen       total 81408K, used 81275K [0x00000000b0000000, 0x00000000b4f80000, 0x00000000c0000000)
  object space 81408K, 99% used [0x00000000b0000000,0x00000000b4f5efe0,0x00000000b4f80000)
}
Event: 9904.781 GC heap before
{Heap before GC invocations=330 (full 161):
 PSYoungGen      total 248320K, used 3428K [0x00000000eaa80000, 0x00000000f9e00000, 0x0000000100000000)
  eden space 247808K, 1% used [0x00000000eaa80000,0x00000000eadd9228,0x00000000f9c80000)
  from space 512K, 0% used [0x00000000f9d80000,0x00000000f9d80000,0x00000000f9e00000)
  to   space 512K, 0% used [0x00000000f9d00000,0x00000000f9d00000,0x00000000f9d80000)
 ParOldGen       total 349696K, used 55722K [0x00000000c0000000, 0x00000000d5580000, 0x00000000eaa80000)
  object space 349696K, 15% used [0x00000000c0000000,0x00000000c366a938,0x00000000d5580000)
 PSPermGen       total 81408K, used 81275K [0x00000000b0000000, 0x00000000b4f80000, 0x00000000c0000000)
  object space 81408K, 99% used [0x00000000b0000000,0x00000000b4f5efe0,0x00000000b4f80000)
Event: 9904.788 GC heap after
Heap after GC invocations=330 (full 161):
 PSYoungGen      total 248320K, used 64K [0x00000000eaa80000, 0x00000000f9e00000, 0x0000000100000000)
  eden space 247808K, 0% used [0x00000000eaa80000,0x00000000eaa80000,0x00000000f9c80000)
  from space 512K, 12% used [0x00000000f9d00000,0x00000000f9d10000,0x00000000f9d80000)
  to   space 512K, 0% used [0x00000000f9d80000,0x00000000f9d80000,0x00000000f9e00000)
 ParOldGen       total 349696K, used 55722K [0x00000000c0000000, 0x00000000d5580000, 0x00000000eaa80000)
  object space 349696K, 15% used [0x00000000c0000000,0x00000000c366a938,0x00000000d5580000)
 PSPermGen       total 81408K, used 81275K [0x00000000b0000000, 0x00000000b4f80000, 0x00000000c0000000)
  object space 81408K, 99% used [0x00000000b0000000,0x00000000b4f5efe0,0x00000000b4f80000)
}
Event: 9904.788 GC heap before
{Heap before GC invocations=331 (full 162):
 PSYoungGen      total 248320K, used 64K [0x00000000eaa80000, 0x00000000f9e00000, 0x0000000100000000)
  eden space 247808K, 0% used [0x00000000eaa80000,0x00000000eaa80000,0x00000000f9c80000)
  from space 512K, 12% used [0x00000000f9d00000,0x00000000f9d10000,0x00000000f9d80000)
  to   space 512K, 0% used [0x00000000f9d80000,0x00000000f9d80000,0x00000000f9e00000)
 ParOldGen       total 349696K, used 55722K [0x00000000c0000000, 0x00000000d5580000, 0x00000000eaa80000)
  object space 349696K, 15% used [0x00000000c0000000,0x00000000c366a938,0x00000000d5580000)
 PSPermGen       total 81408K, used 81275K [0x00000000b0000000, 0x00000000b4f80000, 0x00000000c0000000)
  object space 81408K, 99% used [0x00000000b0000000,0x00000000b4f5efe0,0x00000000b4f80000)
Event: 9905.124 GC heap after
Heap after GC invocations=331 (full 162):
 PSYoungGen      total 248320K, used 0K [0x00000000eaa80000, 0x00000000f9e00000, 0x0000000100000000)
  eden space 247808K, 0% used [0x00000000eaa80000,0x00000000eaa80000,0x00000000f9c80000)
  from space 512K, 0% used [0x00000000f9d00000,0x00000000f9d00000,0x00000000f9d80000)
  to   space 512K, 0% used [0x00000000f9d80000,0x00000000f9d80000,0x00000000f9e00000)
 ParOldGen       total 349696K, used 55722K [0x00000000c0000000, 0x00000000d5580000, 0x00000000eaa80000)
  object space 349696K, 15% used [0x00000000c0000000,0x00000000c366a938,0x00000000d5580000)
 PSPermGen       total 81408K, used 81275K [0x00000000b0000000, 0x00000000b4f80000, 0x00000000c0000000)
  object space 81408K, 99% used [0x00000000b0000000,0x00000000b4f5efe0,0x00000000b4f80000)
}
Event: 9964.793 GC heap before
{Heap before GC invocations=332 (full 162):
 PSYoungGen      total 248320K, used 3428K [0x00000000eaa80000, 0x00000000f9e00000, 0x0000000100000000)
  eden space 247808K, 1% used [0x00000000eaa80000,0x00000000eadd9228,0x00000000f9c80000)
  from space 512K, 0% used [0x00000000f9d00000,0x00000000f9d00000,0x00000000f9d80000)
  to   space 512K, 0% used [0x00000000f9d80000,0x00000000f9d80000,0x00000000f9e00000)
 ParOldGen       total 349696K, used 55722K [0x00000000c0000000, 0x00000000d5580000, 0x00000000eaa80000)
  object space 349696K, 15% used [0x00000000c0000000,0x00000000c366a938,0x00000000d5580000)
 PSPermGen       total 81408K, used 81275K [0x00000000b0000000, 0x00000000b4f80000, 0x00000000c0000000)
  object space 81408K, 99% used [0x00000000b0000000,0x00000000b4f5efe0,0x00000000b4f80000)
Event: 9964.800 GC heap after
Heap after GC invocations=332 (full 162):
 PSYoungGen      total 248320K, used 64K [0x00000000eaa80000, 0x00000000f9e00000, 0x0000000100000000)
  eden space 247808K, 0% used [0x00000000eaa80000,0x00000000eaa80000,0x00000000f9c80000)
  from space 512K, 12% used [0x00000000f9d80000,0x00000000f9d90000,0x00000000f9e00000)
  to   space 512K, 0% used [0x00000000f9d00000,0x00000000f9d00000,0x00000000f9d80000)
 ParOldGen       total 349696K, used 55722K [0x00000000c0000000, 0x00000000d5580000, 0x00000000eaa80000)
  object space 349696K, 15% used [0x00000000c0000000,0x00000000c366a938,0x00000000d5580000)
 PSPermGen       total 81408K, used 81275K [0x00000000b0000000, 0x00000000b4f80000, 0x00000000c0000000)
  object space 81408K, 99% used [0x00000000b0000000,0x00000000b4f5efe0,0x00000000b4f80000)
}
Event: 9964.800 GC heap before
{Heap before GC invocations=333 (full 163):
 PSYoungGen      total 248320K, used 64K [0x00000000eaa80000, 0x00000000f9e00000, 0x0000000100000000)
  eden space 247808K, 0% used [0x00000000eaa80000,0x00000000eaa80000,0x00000000f9c80000)
  from space 512K, 12% used [0x00000000f9d80000,0x00000000f9d90000,0x00000000f9e00000)
  to   space 512K, 0% used [0x00000000f9d00000,0x00000000f9d00000,0x00000000f9d80000)
 ParOldGen       total 349696K, used 55722K [0x00000000c0000000, 0x00000000d5580000, 0x00000000eaa80000)
  object space 349696K, 15% used [0x00000000c0000000,0x00000000c366a938,0x00000000d5580000)
 PSPermGen       total 81408K, used 81275K [0x00000000b0000000, 0x00000000b4f80000, 0x00000000c0000000)
  object space 81408K, 99% used [0x00000000b0000000,0x00000000b4f5efe0,0x00000000b4f80000)
Event: 9965.176 GC heap after
Heap after GC invocations=333 (full 163):
 PSYoungGen      total 248320K, used 0K [0x00000000eaa80000, 0x00000000f9e00000, 0x0000000100000000)
  eden space 247808K, 0% used [0x00000000eaa80000,0x00000000eaa80000,0x00000000f9c80000)
  from space 512K, 0% used [0x00000000f9d80000,0x00000000f9d80000,0x00000000f9e00000)
  to   space 512K, 0% used [0x00000000f9d00000,0x00000000f9d00000,0x00000000f9d80000)
 ParOldGen       total 349696K, used 55722K [0x00000000c0000000, 0x00000000d5580000, 0x00000000eaa80000)
  object space 349696K, 15% used [0x00000000c0000000,0x00000000c366a940,0x00000000d5580000)
 PSPermGen       total 81408K, used 81275K [0x00000000b0000000, 0x00000000b4f80000, 0x00000000c0000000)
  object space 81408K, 99% used [0x00000000b0000000,0x00000000b4f5efe0,0x00000000b4f80000)
}

